<!DOCTYPE html PUBLIC "-//W3C//DTD XHTML 1.1//EN" "https://www.w3.org/TR/xhtml11/DTD/xhtml11.dtd">
<html xmlns="https://www.w3.org/1999/xhtml">
<head>
<meta http-equiv="content-type" content="text/html; charset=UTF-8"/>
<title>TestNG Report</title>
<style type="text/css">table {margin-bottom:10px;border-collapse:collapse;empty-cells:show}th,td {border:1px solid #009;padding:.25em .5em}th {vertical-align:bottom}td {vertical-align:top}table a {font-weight:bold}.stripe td {background-color: #E6EBF9}.num {text-align:right}.passedodd td {background-color: #3F3}.passedeven td {background-color: #0A0}.skippedodd td {background-color: #DDD}.skippedeven td {background-color: #CCC}.failedodd td,.attn {background-color: #F33}.failedeven td,.stripe .attn {background-color: #D00}.stacktrace {white-space:pre;font-family:monospace}.totop {font-size:85%;text-align:center;border-bottom:2px solid #000}.invisible {display:none}</style>
</head>
<body>
<table>
<tr><th>Test</th><th># Passed</th><th># Skipped</th><th># Retried</th><th># Failed</th><th>Time (ms)</th><th>Included Groups</th><th>Excluded Groups</th></tr>
<tr><th colspan="8">Suite</th></tr>
<tr><td><a href="#t0">Test</a></td><td class="num">11</td><td class="num">0</td><td class="num">0</td><td class="num attn">6</td><td class="num">29,300</td><td></td><td></td></tr>
</table>
<table id='summary'><thead><tr><th>Class</th><th>Method</th><th>Start</th><th>Time (ms)</th></tr></thead><tbody><tr><th colspan="4">Suite</th></tr></tbody><tbody id="t0"><tr><th colspan="4">Test &#8212; failed</th></tr><tr class="failedeven"><td rowspan="2">api.test.DataDrivenTests</td><td><a href="#m0">testDeleteUsers</a></td><td rowspan="1">1752092315499</td><td rowspan="1">1210</td></tr><tr class="failedeven"><td><a href="#m1">testGetUsers</a></td><td rowspan="1">1752092310638</td><td rowspan="1">1188</td></tr><tr class="failedodd"><td rowspan="2">api.test.StoreTests</td><td><a href="#m2">testDeleteOrder</a></td><td rowspan="1">1752092327912</td><td rowspan="1">1261</td></tr><tr class="failedodd"><td><a href="#m3">testGetOrder</a></td><td rowspan="1">1752092326671</td><td rowspan="1">1241</td></tr><tr class="failedeven"><td rowspan="2">api.test.UserTests</td><td><a href="#m4">testDeleteUser</a></td><td rowspan="1">1752092322887</td><td rowspan="1">1207</td></tr><tr class="failedeven"><td><a href="#m5">testGetUser</a></td><td rowspan="1">1752092318243</td><td rowspan="1">1200</td></tr><tr><th colspan="4">Test &#8212; passed</th></tr><tr class="passedeven"><td rowspan="7">api.test.DataDrivenTests</td><td><a href="#m6">testCreateUsers</a></td><td rowspan="3">1752092306934</td><td rowspan="3">1186</td></tr><tr class="passedeven"><td><a href="#m7">testCreateUsers</a></td></tr><tr class="passedeven"><td><a href="#m8">testCreateUsers</a></td></tr><tr class="passedeven"><td><a href="#m9">testDeleteUsers</a></td><td rowspan="2">1752092313131</td><td rowspan="2">1201</td></tr><tr class="passedeven"><td><a href="#m10">testDeleteUsers</a></td></tr><tr class="passedeven"><td><a href="#m11">testGetUsers</a></td><td rowspan="2">1752092309382</td><td rowspan="2">1254</td></tr><tr class="passedeven"><td><a href="#m12">testGetUsers</a></td></tr><tr class="passedodd"><td rowspan="2">api.test.StoreTests</td><td><a href="#m13">testCreateOrder</a></td><td rowspan="1">1752092325462</td><td rowspan="1">1200</td></tr><tr class="passedodd"><td><a href="#m14">testGetInventory</a></td><td rowspan="1">1752092324190</td><td rowspan="1">1270</td></tr><tr class="passedeven"><td rowspan="2">api.test.UserTests</td><td><a href="#m15">testCreateUser</a></td><td rowspan="1">1752092317002</td><td rowspan="1">1237</td></tr><tr class="passedeven"><td><a href="#m16">testUpdateUser</a></td><td rowspan="1">1752092319443</td><td rowspan="1">3444</td></tr></tbody>
</table>
<h2>Test</h2><h3 id="m0">api.test.DataDrivenTests#testDeleteUsers</h3><table class="result"><tr class="param"><th>Parameter #1</th></tr><tr class="param stripe"><td>testuser3</td></tr><tr><th>Exception</th></tr><tr><td><div class="stacktrace">java.lang.AssertionError: expected [200] but found [404]
	at api.test.DataDrivenTests.testDeleteUsers(DataDrivenTests.java:42)
	at java.base/java.util.ArrayList.forEach(ArrayList.java:1596)
... Removed 36 stack frames</div></td></tr></table><p class="totop"><a href="#summary">back to summary</a></p>
<h3 id="m1">api.test.DataDrivenTests#testGetUsers</h3><table class="result"><tr class="param"><th>Parameter #1</th></tr><tr class="param stripe"><td>testuser2</td></tr><tr><th>Exception</th></tr><tr><td><div class="stacktrace">java.lang.AssertionError: expected [200] but found [404]
	at api.test.DataDrivenTests.testGetUsers(DataDrivenTests.java:36)
	at java.base/java.util.ArrayList.forEach(ArrayList.java:1596)
... Removed 36 stack frames</div></td></tr></table><p class="totop"><a href="#summary">back to summary</a></p>
<h3 id="m2">api.test.StoreTests#testDeleteOrder</h3><table class="result"><tr><th>Exception</th></tr><tr><td><div class="stacktrace">java.lang.AssertionError: expected [200] but found [404]
	at api.test.StoreTests.testDeleteOrder(StoreTests.java:57)
	at java.base/java.util.ArrayList.forEach(ArrayList.java:1596)
... Removed 36 stack frames</div></td></tr></table><p class="totop"><a href="#summary">back to summary</a></p>
<h3 id="m3">api.test.StoreTests#testGetOrder</h3><table class="result"><tr><th>Exception</th></tr><tr><td><div class="stacktrace">java.lang.AssertionError: expected [200] but found [404]
	at api.test.StoreTests.testGetOrder(StoreTests.java:50)
	at java.base/java.util.ArrayList.forEach(ArrayList.java:1596)
... Removed 36 stack frames</div></td></tr></table><p class="totop"><a href="#summary">back to summary</a></p>
<h3 id="m4">api.test.UserTests#testDeleteUser</h3><table class="result"><tr><th>Exception</th></tr><tr><td><div class="stacktrace">java.lang.AssertionError: expected [200] but found [404]
	at api.test.UserTests.testDeleteUser(UserTests.java:86)
	at java.base/java.util.ArrayList.forEach(ArrayList.java:1596)
... Removed 36 stack frames</div></td></tr></table><p class="totop"><a href="#summary">back to summary</a></p>
<h3 id="m5">api.test.UserTests#testGetUser</h3><table class="result"><tr><th>Exception</th></tr><tr><td><div class="stacktrace">java.lang.AssertionError: expected [200] but found [404]
	at api.test.UserTests.testGetUser(UserTests.java:56)
	at java.base/java.util.ArrayList.forEach(ArrayList.java:1596)
... Removed 36 stack frames</div></td></tr></table><p class="totop"><a href="#summary">back to summary</a></p>
<h3 id="m6">api.test.DataDrivenTests#testCreateUsers</h3><table class="result"><tr class="param"><th>Parameter #1</th><th>Parameter #2</th><th>Parameter #3</th><th>Parameter #4</th><th>Parameter #5</th><th>Parameter #6</th><th>Parameter #7</th></tr><tr class="param stripe"><td>1020</td><td>testuser2</td><td>Kim</td><td>Kom</td><td>test2@gmail.com</td><td>test@2</td><td>1234567890</td></tr></table><p class="totop"><a href="#summary">back to summary</a></p>
<h3 id="m7">api.test.DataDrivenTests#testCreateUsers</h3><table class="result"><tr class="param"><th>Parameter #1</th><th>Parameter #2</th><th>Parameter #3</th><th>Parameter #4</th><th>Parameter #5</th><th>Parameter #6</th><th>Parameter #7</th></tr><tr class="param stripe"><td>1010</td><td>testuser1</td><td>John</td><td>Canedy</td><td>test1@gmail.com</td><td>test@1</td><td>1234567890</td></tr></table><p class="totop"><a href="#summary">back to summary</a></p>
<h3 id="m8">api.test.DataDrivenTests#testCreateUsers</h3><table class="result"><tr class="param"><th>Parameter #1</th><th>Parameter #2</th><th>Parameter #3</th><th>Parameter #4</th><th>Parameter #5</th><th>Parameter #6</th><th>Parameter #7</th></tr><tr class="param stripe"><td>1030</td><td>testuser3</td><td>Steve</td><td>Steve</td><td>test3@gmail.com</td><td>test@3</td><td>1234567890</td></tr></table><p class="totop"><a href="#summary">back to summary</a></p>
<h3 id="m9">api.test.DataDrivenTests#testDeleteUsers</h3><table class="result"><tr class="param"><th>Parameter #1</th></tr><tr class="param stripe"><td>testuser1</td></tr></table><p class="totop"><a href="#summary">back to summary</a></p>
<h3 id="m10">api.test.DataDrivenTests#testDeleteUsers</h3><table class="result"><tr class="param"><th>Parameter #1</th></tr><tr class="param stripe"><td>testuser2</td></tr></table><p class="totop"><a href="#summary">back to summary</a></p>
<h3 id="m11">api.test.DataDrivenTests#testGetUsers</h3><table class="result"><tr class="param"><th>Parameter #1</th></tr><tr class="param stripe"><td>testuser1</td></tr></table><p class="totop"><a href="#summary">back to summary</a></p>
<h3 id="m12">api.test.DataDrivenTests#testGetUsers</h3><table class="result"><tr class="param"><th>Parameter #1</th></tr><tr class="param stripe"><td>testuser3</td></tr></table><p class="totop"><a href="#summary">back to summary</a></p>
<h3 id="m13">api.test.StoreTests#testCreateOrder</h3><table class="result"><tr><th class="invisible"/></tr></table><p class="totop"><a href="#summary">back to summary</a></p>
<h3 id="m14">api.test.StoreTests#testGetInventory</h3><table class="result"><tr><th class="invisible"/></tr></table><p class="totop"><a href="#summary">back to summary</a></p>
<h3 id="m15">api.test.UserTests#testCreateUser</h3><table class="result"><tr><th class="invisible"/></tr></table><p class="totop"><a href="#summary">back to summary</a></p>
<h3 id="m16">api.test.UserTests#testUpdateUser</h3><table class="result"><tr><th class="invisible"/></tr></table><p class="totop"><a href="#summary">back to summary</a></p>
</body>
</html>
